<?xml version="1.0" encoding="UTF-8"?>
<testsuite xmlns:xsi="http://www.w3.org/2001/XMLSchema-instance" xsi:noNamespaceSchemaLocation="https://maven.apache.org/surefire/maven-surefire-plugin/xsd/surefire-test-report.xsd" name="com.sg.guessthenumber.daos.GuessNumberDaoGameDBTest" time="1.848" tests="7" errors="0" skipped="0" failures="0">
  <properties>
    <property name="sun.desktop" value="gnome"/>
    <property name="awt.toolkit" value="sun.awt.X11.XToolkit"/>
    <property name="java.specification.version" value="11"/>
    <property name="sun.cpu.isalist" value=""/>
    <property name="sun.jnu.encoding" value="UTF-8"/>
    <property name="java.class.path" value="/home/codedchai/Repos/java-mpls-0520-summative-m6-shaehamm/GuessTheNumber/target/test-classes:/home/codedchai/Repos/java-mpls-0520-summative-m6-shaehamm/GuessTheNumber/target/classes:/home/codedchai/.m2/repository/org/springframework/boot/spring-boot-starter-web/2.1.0.RELEASE/spring-boot-starter-web-2.1.0.RELEASE.jar:/home/codedchai/.m2/repository/org/springframework/boot/spring-boot-starter/2.1.0.RELEASE/spring-boot-starter-2.1.0.RELEASE.jar:/home/codedchai/.m2/repository/org/springframework/boot/spring-boot-starter-logging/2.1.0.RELEASE/spring-boot-starter-logging-2.1.0.RELEASE.jar:/home/codedchai/.m2/repository/ch/qos/logback/logback-classic/1.2.3/logback-classic-1.2.3.jar:/home/codedchai/.m2/repository/ch/qos/logback/logback-core/1.2.3/logback-core-1.2.3.jar:/home/codedchai/.m2/repository/org/apache/logging/log4j/log4j-to-slf4j/2.11.1/log4j-to-slf4j-2.11.1.jar:/home/codedchai/.m2/repository/org/apache/logging/log4j/log4j-api/2.11.1/log4j-api-2.11.1.jar:/home/codedchai/.m2/repository/org/slf4j/jul-to-slf4j/1.7.25/jul-to-slf4j-1.7.25.jar:/home/codedchai/.m2/repository/javax/annotation/javax.annotation-api/1.3.2/javax.annotation-api-1.3.2.jar:/home/codedchai/.m2/repository/org/yaml/snakeyaml/1.23/snakeyaml-1.23.jar:/home/codedchai/.m2/repository/org/springframework/boot/spring-boot-starter-json/2.1.0.RELEASE/spring-boot-starter-json-2.1.0.RELEASE.jar:/home/codedchai/.m2/repository/com/fasterxml/jackson/core/jackson-databind/2.9.7/jackson-databind-2.9.7.jar:/home/codedchai/.m2/repository/com/fasterxml/jackson/core/jackson-annotations/2.9.0/jackson-annotations-2.9.0.jar:/home/codedchai/.m2/repository/com/fasterxml/jackson/core/jackson-core/2.9.7/jackson-core-2.9.7.jar:/home/codedchai/.m2/repository/com/fasterxml/jackson/datatype/jackson-datatype-jdk8/2.9.7/jackson-datatype-jdk8-2.9.7.jar:/home/codedchai/.m2/repository/com/fasterxml/jackson/datatype/jackson-datatype-jsr310/2.9.7/jackson-datatype-jsr310-2.9.7.jar:/home/codedchai/.m2/repository/com/fasterxml/jackson/module/jackson-module-parameter-names/2.9.7/jackson-module-parameter-names-2.9.7.jar:/home/codedchai/.m2/repository/org/springframework/boot/spring-boot-starter-tomcat/2.1.0.RELEASE/spring-boot-starter-tomcat-2.1.0.RELEASE.jar:/home/codedchai/.m2/repository/org/apache/tomcat/embed/tomcat-embed-core/9.0.12/tomcat-embed-core-9.0.12.jar:/home/codedchai/.m2/repository/org/apache/tomcat/embed/tomcat-embed-el/9.0.12/tomcat-embed-el-9.0.12.jar:/home/codedchai/.m2/repository/org/apache/tomcat/embed/tomcat-embed-websocket/9.0.12/tomcat-embed-websocket-9.0.12.jar:/home/codedchai/.m2/repository/org/hibernate/validator/hibernate-validator/6.0.13.Final/hibernate-validator-6.0.13.Final.jar:/home/codedchai/.m2/repository/javax/validation/validation-api/2.0.1.Final/validation-api-2.0.1.Final.jar:/home/codedchai/.m2/repository/org/jboss/logging/jboss-logging/3.3.2.Final/jboss-logging-3.3.2.Final.jar:/home/codedchai/.m2/repository/com/fasterxml/classmate/1.4.0/classmate-1.4.0.jar:/home/codedchai/.m2/repository/org/springframework/spring-web/5.1.2.RELEASE/spring-web-5.1.2.RELEASE.jar:/home/codedchai/.m2/repository/org/springframework/spring-beans/5.1.2.RELEASE/spring-beans-5.1.2.RELEASE.jar:/home/codedchai/.m2/repository/org/springframework/spring-webmvc/5.1.2.RELEASE/spring-webmvc-5.1.2.RELEASE.jar:/home/codedchai/.m2/repository/org/springframework/spring-aop/5.1.2.RELEASE/spring-aop-5.1.2.RELEASE.jar:/home/codedchai/.m2/repository/org/springframework/spring-context/5.1.2.RELEASE/spring-context-5.1.2.RELEASE.jar:/home/codedchai/.m2/repository/org/springframework/spring-expression/5.1.2.RELEASE/spring-expression-5.1.2.RELEASE.jar:/home/codedchai/.m2/repository/org/springframework/boot/spring-boot-starter-jdbc/2.1.0.RELEASE/spring-boot-starter-jdbc-2.1.0.RELEASE.jar:/home/codedchai/.m2/repository/com/zaxxer/HikariCP/3.2.0/HikariCP-3.2.0.jar:/home/codedchai/.m2/repository/org/slf4j/slf4j-api/1.7.25/slf4j-api-1.7.25.jar:/home/codedchai/.m2/repository/org/springframework/spring-jdbc/5.1.2.RELEASE/spring-jdbc-5.1.2.RELEASE.jar:/home/codedchai/.m2/repository/org/springframework/spring-tx/5.1.2.RELEASE/spring-tx-5.1.2.RELEASE.jar:/home/codedchai/.m2/repository/org/springframework/boot/spring-boot-starter-data-jdbc/2.1.0.RELEASE/spring-boot-starter-data-jdbc-2.1.0.RELEASE.jar:/home/codedchai/.m2/repository/org/springframework/data/spring-data-jdbc/1.0.2.RELEASE/spring-data-jdbc-1.0.2.RELEASE.jar:/home/codedchai/.m2/repository/org/springframework/data/spring-data-commons/2.1.2.RELEASE/spring-data-commons-2.1.2.RELEASE.jar:/home/codedchai/.m2/repository/mysql/mysql-connector-java/8.0.13/mysql-connector-java-8.0.13.jar:/home/codedchai/.m2/repository/org/springframework/boot/spring-boot-devtools/2.1.0.RELEASE/spring-boot-devtools-2.1.0.RELEASE.jar:/home/codedchai/.m2/repository/org/springframework/boot/spring-boot/2.1.0.RELEASE/spring-boot-2.1.0.RELEASE.jar:/home/codedchai/.m2/repository/org/springframework/boot/spring-boot-autoconfigure/2.1.0.RELEASE/spring-boot-autoconfigure-2.1.0.RELEASE.jar:/home/codedchai/.m2/repository/org/junit/jupiter/junit-jupiter-api/5.3.1/junit-jupiter-api-5.3.1.jar:/home/codedchai/.m2/repository/org/apiguardian/apiguardian-api/1.0.0/apiguardian-api-1.0.0.jar:/home/codedchai/.m2/repository/org/opentest4j/opentest4j/1.1.1/opentest4j-1.1.1.jar:/home/codedchai/.m2/repository/org/junit/platform/junit-platform-commons/1.3.1/junit-platform-commons-1.3.1.jar:/home/codedchai/.m2/repository/org/junit/jupiter/junit-jupiter-params/5.3.1/junit-jupiter-params-5.3.1.jar:/home/codedchai/.m2/repository/org/junit/jupiter/junit-jupiter-engine/5.3.1/junit-jupiter-engine-5.3.1.jar:/home/codedchai/.m2/repository/org/junit/platform/junit-platform-engine/1.3.1/junit-platform-engine-1.3.1.jar:/home/codedchai/.m2/repository/org/springframework/boot/spring-boot-starter-test/2.1.0.RELEASE/spring-boot-starter-test-2.1.0.RELEASE.jar:/home/codedchai/.m2/repository/org/springframework/boot/spring-boot-test/2.1.0.RELEASE/spring-boot-test-2.1.0.RELEASE.jar:/home/codedchai/.m2/repository/org/springframework/boot/spring-boot-test-autoconfigure/2.1.0.RELEASE/spring-boot-test-autoconfigure-2.1.0.RELEASE.jar:/home/codedchai/.m2/repository/com/jayway/jsonpath/json-path/2.4.0/json-path-2.4.0.jar:/home/codedchai/.m2/repository/net/minidev/json-smart/2.3/json-smart-2.3.jar:/home/codedchai/.m2/repository/net/minidev/accessors-smart/1.2/accessors-smart-1.2.jar:/home/codedchai/.m2/repository/org/ow2/asm/asm/5.0.4/asm-5.0.4.jar:/home/codedchai/.m2/repository/junit/junit/4.12/junit-4.12.jar:/home/codedchai/.m2/repository/org/assertj/assertj-core/3.11.1/assertj-core-3.11.1.jar:/home/codedchai/.m2/repository/org/mockito/mockito-core/2.23.0/mockito-core-2.23.0.jar:/home/codedchai/.m2/repository/net/bytebuddy/byte-buddy/1.9.3/byte-buddy-1.9.3.jar:/home/codedchai/.m2/repository/net/bytebuddy/byte-buddy-agent/1.9.3/byte-buddy-agent-1.9.3.jar:/home/codedchai/.m2/repository/org/objenesis/objenesis/2.6/objenesis-2.6.jar:/home/codedchai/.m2/repository/org/hamcrest/hamcrest-core/1.3/hamcrest-core-1.3.jar:/home/codedchai/.m2/repository/org/hamcrest/hamcrest-library/1.3/hamcrest-library-1.3.jar:/home/codedchai/.m2/repository/org/skyscreamer/jsonassert/1.5.0/jsonassert-1.5.0.jar:/home/codedchai/.m2/repository/com/vaadin/external/google/android-json/0.0.20131108.vaadin1/android-json-0.0.20131108.vaadin1.jar:/home/codedchai/.m2/repository/org/springframework/spring-core/5.1.2.RELEASE/spring-core-5.1.2.RELEASE.jar:/home/codedchai/.m2/repository/org/springframework/spring-jcl/5.1.2.RELEASE/spring-jcl-5.1.2.RELEASE.jar:/home/codedchai/.m2/repository/org/springframework/spring-test/5.1.2.RELEASE/spring-test-5.1.2.RELEASE.jar:/home/codedchai/.m2/repository/org/xmlunit/xmlunit-core/2.6.2/xmlunit-core-2.6.2.jar:/home/codedchai/.m2/repository/javax/xml/bind/jaxb-api/2.3.1/jaxb-api-2.3.1.jar:/home/codedchai/.m2/repository/javax/activation/javax.activation-api/1.2.0/javax.activation-api-1.2.0.jar:"/>
    <property name="java.vm.vendor" value="Azul Systems, Inc."/>
    <property name="sun.arch.data.model" value="64"/>
    <property name="java.vendor.url" value="http://www.azulsystems.com/"/>
    <property name="user.timezone" value=""/>
    <property name="java.vm.specification.version" value="11"/>
    <property name="os.name" value="Linux"/>
    <property name="user.country" value="US"/>
    <property name="sun.java.launcher" value="SUN_STANDARD"/>
    <property name="sun.boot.library.path" value="/home/codedchai/.sdkman/candidates/java/11.0.7.fx-zulu/lib"/>
    <property name="sun.java.command" value="/home/codedchai/Repos/java-mpls-0520-summative-m6-shaehamm/GuessTheNumber/target/surefire/surefirebooter15297483764839093920.jar /home/codedchai/Repos/java-mpls-0520-summative-m6-shaehamm/GuessTheNumber/target/surefire 2020-06-23T15-25-04_849-jvmRun1 surefire9559048016991804833tmp surefire_010528480260081713321tmp"/>
    <property name="jdk.debug" value="release"/>
    <property name="surefire.test.class.path" value="/home/codedchai/Repos/java-mpls-0520-summative-m6-shaehamm/GuessTheNumber/target/test-classes:/home/codedchai/Repos/java-mpls-0520-summative-m6-shaehamm/GuessTheNumber/target/classes:/home/codedchai/.m2/repository/org/springframework/boot/spring-boot-starter-web/2.1.0.RELEASE/spring-boot-starter-web-2.1.0.RELEASE.jar:/home/codedchai/.m2/repository/org/springframework/boot/spring-boot-starter/2.1.0.RELEASE/spring-boot-starter-2.1.0.RELEASE.jar:/home/codedchai/.m2/repository/org/springframework/boot/spring-boot-starter-logging/2.1.0.RELEASE/spring-boot-starter-logging-2.1.0.RELEASE.jar:/home/codedchai/.m2/repository/ch/qos/logback/logback-classic/1.2.3/logback-classic-1.2.3.jar:/home/codedchai/.m2/repository/ch/qos/logback/logback-core/1.2.3/logback-core-1.2.3.jar:/home/codedchai/.m2/repository/org/apache/logging/log4j/log4j-to-slf4j/2.11.1/log4j-to-slf4j-2.11.1.jar:/home/codedchai/.m2/repository/org/apache/logging/log4j/log4j-api/2.11.1/log4j-api-2.11.1.jar:/home/codedchai/.m2/repository/org/slf4j/jul-to-slf4j/1.7.25/jul-to-slf4j-1.7.25.jar:/home/codedchai/.m2/repository/javax/annotation/javax.annotation-api/1.3.2/javax.annotation-api-1.3.2.jar:/home/codedchai/.m2/repository/org/yaml/snakeyaml/1.23/snakeyaml-1.23.jar:/home/codedchai/.m2/repository/org/springframework/boot/spring-boot-starter-json/2.1.0.RELEASE/spring-boot-starter-json-2.1.0.RELEASE.jar:/home/codedchai/.m2/repository/com/fasterxml/jackson/core/jackson-databind/2.9.7/jackson-databind-2.9.7.jar:/home/codedchai/.m2/repository/com/fasterxml/jackson/core/jackson-annotations/2.9.0/jackson-annotations-2.9.0.jar:/home/codedchai/.m2/repository/com/fasterxml/jackson/core/jackson-core/2.9.7/jackson-core-2.9.7.jar:/home/codedchai/.m2/repository/com/fasterxml/jackson/datatype/jackson-datatype-jdk8/2.9.7/jackson-datatype-jdk8-2.9.7.jar:/home/codedchai/.m2/repository/com/fasterxml/jackson/datatype/jackson-datatype-jsr310/2.9.7/jackson-datatype-jsr310-2.9.7.jar:/home/codedchai/.m2/repository/com/fasterxml/jackson/module/jackson-module-parameter-names/2.9.7/jackson-module-parameter-names-2.9.7.jar:/home/codedchai/.m2/repository/org/springframework/boot/spring-boot-starter-tomcat/2.1.0.RELEASE/spring-boot-starter-tomcat-2.1.0.RELEASE.jar:/home/codedchai/.m2/repository/org/apache/tomcat/embed/tomcat-embed-core/9.0.12/tomcat-embed-core-9.0.12.jar:/home/codedchai/.m2/repository/org/apache/tomcat/embed/tomcat-embed-el/9.0.12/tomcat-embed-el-9.0.12.jar:/home/codedchai/.m2/repository/org/apache/tomcat/embed/tomcat-embed-websocket/9.0.12/tomcat-embed-websocket-9.0.12.jar:/home/codedchai/.m2/repository/org/hibernate/validator/hibernate-validator/6.0.13.Final/hibernate-validator-6.0.13.Final.jar:/home/codedchai/.m2/repository/javax/validation/validation-api/2.0.1.Final/validation-api-2.0.1.Final.jar:/home/codedchai/.m2/repository/org/jboss/logging/jboss-logging/3.3.2.Final/jboss-logging-3.3.2.Final.jar:/home/codedchai/.m2/repository/com/fasterxml/classmate/1.4.0/classmate-1.4.0.jar:/home/codedchai/.m2/repository/org/springframework/spring-web/5.1.2.RELEASE/spring-web-5.1.2.RELEASE.jar:/home/codedchai/.m2/repository/org/springframework/spring-beans/5.1.2.RELEASE/spring-beans-5.1.2.RELEASE.jar:/home/codedchai/.m2/repository/org/springframework/spring-webmvc/5.1.2.RELEASE/spring-webmvc-5.1.2.RELEASE.jar:/home/codedchai/.m2/repository/org/springframework/spring-aop/5.1.2.RELEASE/spring-aop-5.1.2.RELEASE.jar:/home/codedchai/.m2/repository/org/springframework/spring-context/5.1.2.RELEASE/spring-context-5.1.2.RELEASE.jar:/home/codedchai/.m2/repository/org/springframework/spring-expression/5.1.2.RELEASE/spring-expression-5.1.2.RELEASE.jar:/home/codedchai/.m2/repository/org/springframework/boot/spring-boot-starter-jdbc/2.1.0.RELEASE/spring-boot-starter-jdbc-2.1.0.RELEASE.jar:/home/codedchai/.m2/repository/com/zaxxer/HikariCP/3.2.0/HikariCP-3.2.0.jar:/home/codedchai/.m2/repository/org/slf4j/slf4j-api/1.7.25/slf4j-api-1.7.25.jar:/home/codedchai/.m2/repository/org/springframework/spring-jdbc/5.1.2.RELEASE/spring-jdbc-5.1.2.RELEASE.jar:/home/codedchai/.m2/repository/org/springframework/spring-tx/5.1.2.RELEASE/spring-tx-5.1.2.RELEASE.jar:/home/codedchai/.m2/repository/org/springframework/boot/spring-boot-starter-data-jdbc/2.1.0.RELEASE/spring-boot-starter-data-jdbc-2.1.0.RELEASE.jar:/home/codedchai/.m2/repository/org/springframework/data/spring-data-jdbc/1.0.2.RELEASE/spring-data-jdbc-1.0.2.RELEASE.jar:/home/codedchai/.m2/repository/org/springframework/data/spring-data-commons/2.1.2.RELEASE/spring-data-commons-2.1.2.RELEASE.jar:/home/codedchai/.m2/repository/mysql/mysql-connector-java/8.0.13/mysql-connector-java-8.0.13.jar:/home/codedchai/.m2/repository/org/springframework/boot/spring-boot-devtools/2.1.0.RELEASE/spring-boot-devtools-2.1.0.RELEASE.jar:/home/codedchai/.m2/repository/org/springframework/boot/spring-boot/2.1.0.RELEASE/spring-boot-2.1.0.RELEASE.jar:/home/codedchai/.m2/repository/org/springframework/boot/spring-boot-autoconfigure/2.1.0.RELEASE/spring-boot-autoconfigure-2.1.0.RELEASE.jar:/home/codedchai/.m2/repository/org/junit/jupiter/junit-jupiter-api/5.3.1/junit-jupiter-api-5.3.1.jar:/home/codedchai/.m2/repository/org/apiguardian/apiguardian-api/1.0.0/apiguardian-api-1.0.0.jar:/home/codedchai/.m2/repository/org/opentest4j/opentest4j/1.1.1/opentest4j-1.1.1.jar:/home/codedchai/.m2/repository/org/junit/platform/junit-platform-commons/1.3.1/junit-platform-commons-1.3.1.jar:/home/codedchai/.m2/repository/org/junit/jupiter/junit-jupiter-params/5.3.1/junit-jupiter-params-5.3.1.jar:/home/codedchai/.m2/repository/org/junit/jupiter/junit-jupiter-engine/5.3.1/junit-jupiter-engine-5.3.1.jar:/home/codedchai/.m2/repository/org/junit/platform/junit-platform-engine/1.3.1/junit-platform-engine-1.3.1.jar:/home/codedchai/.m2/repository/org/springframework/boot/spring-boot-starter-test/2.1.0.RELEASE/spring-boot-starter-test-2.1.0.RELEASE.jar:/home/codedchai/.m2/repository/org/springframework/boot/spring-boot-test/2.1.0.RELEASE/spring-boot-test-2.1.0.RELEASE.jar:/home/codedchai/.m2/repository/org/springframework/boot/spring-boot-test-autoconfigure/2.1.0.RELEASE/spring-boot-test-autoconfigure-2.1.0.RELEASE.jar:/home/codedchai/.m2/repository/com/jayway/jsonpath/json-path/2.4.0/json-path-2.4.0.jar:/home/codedchai/.m2/repository/net/minidev/json-smart/2.3/json-smart-2.3.jar:/home/codedchai/.m2/repository/net/minidev/accessors-smart/1.2/accessors-smart-1.2.jar:/home/codedchai/.m2/repository/org/ow2/asm/asm/5.0.4/asm-5.0.4.jar:/home/codedchai/.m2/repository/junit/junit/4.12/junit-4.12.jar:/home/codedchai/.m2/repository/org/assertj/assertj-core/3.11.1/assertj-core-3.11.1.jar:/home/codedchai/.m2/repository/org/mockito/mockito-core/2.23.0/mockito-core-2.23.0.jar:/home/codedchai/.m2/repository/net/bytebuddy/byte-buddy/1.9.3/byte-buddy-1.9.3.jar:/home/codedchai/.m2/repository/net/bytebuddy/byte-buddy-agent/1.9.3/byte-buddy-agent-1.9.3.jar:/home/codedchai/.m2/repository/org/objenesis/objenesis/2.6/objenesis-2.6.jar:/home/codedchai/.m2/repository/org/hamcrest/hamcrest-core/1.3/hamcrest-core-1.3.jar:/home/codedchai/.m2/repository/org/hamcrest/hamcrest-library/1.3/hamcrest-library-1.3.jar:/home/codedchai/.m2/repository/org/skyscreamer/jsonassert/1.5.0/jsonassert-1.5.0.jar:/home/codedchai/.m2/repository/com/vaadin/external/google/android-json/0.0.20131108.vaadin1/android-json-0.0.20131108.vaadin1.jar:/home/codedchai/.m2/repository/org/springframework/spring-core/5.1.2.RELEASE/spring-core-5.1.2.RELEASE.jar:/home/codedchai/.m2/repository/org/springframework/spring-jcl/5.1.2.RELEASE/spring-jcl-5.1.2.RELEASE.jar:/home/codedchai/.m2/repository/org/springframework/spring-test/5.1.2.RELEASE/spring-test-5.1.2.RELEASE.jar:/home/codedchai/.m2/repository/org/xmlunit/xmlunit-core/2.6.2/xmlunit-core-2.6.2.jar:/home/codedchai/.m2/repository/javax/xml/bind/jaxb-api/2.3.1/jaxb-api-2.3.1.jar:/home/codedchai/.m2/repository/javax/activation/javax.activation-api/1.2.0/javax.activation-api-1.2.0.jar:"/>
    <property name="sun.cpu.endian" value="little"/>
    <property name="user.home" value="/home/codedchai"/>
    <property name="user.language" value="en"/>
    <property name="java.specification.vendor" value="Oracle Corporation"/>
    <property name="java.version.date" value="2020-04-14"/>
    <property name="java.home" value="/home/codedchai/.sdkman/candidates/java/11.0.7.fx-zulu"/>
    <property name="file.separator" value="/"/>
    <property name="basedir" value="/home/codedchai/Repos/java-mpls-0520-summative-m6-shaehamm/GuessTheNumber"/>
    <property name="java.vm.compressedOopsMode" value="Zero based"/>
    <property name="line.separator" value="&#10;"/>
    <property name="java.specification.name" value="Java Platform API Specification"/>
    <property name="java.vm.specification.vendor" value="Oracle Corporation"/>
    <property name="jdk.vendor.version" value="Zulu11.39+15-CA"/>
    <property name="java.awt.graphicsenv" value="sun.awt.X11GraphicsEnvironment"/>
    <property name="surefire.real.class.path" value="/home/codedchai/Repos/java-mpls-0520-summative-m6-shaehamm/GuessTheNumber/target/surefire/surefirebooter15297483764839093920.jar"/>
    <property name="sun.management.compiler" value="HotSpot 64-Bit Tiered Compilers"/>
    <property name="java.runtime.version" value="11.0.7+10-LTS"/>
    <property name="user.name" value="codedchai"/>
    <property name="path.separator" value=":"/>
    <property name="os.version" value="5.4.0-7634-generic"/>
    <property name="java.runtime.name" value="OpenJDK Runtime Environment"/>
    <property name="file.encoding" value="UTF-8"/>
    <property name="java.vm.name" value="OpenJDK 64-Bit Server VM"/>
    <property name="java.vendor.version" value="Zulu11.39+15-CA"/>
    <property name="maven.ext.class.path" value="/usr/local/netbeans-11.1/netbeans/java/maven-nblib/netbeans-eventspy.jar"/>
    <property name="localRepository" value="/home/codedchai/.m2/repository"/>
    <property name="java.vendor.url.bug" value="http://www.azulsystems.com/support/"/>
    <property name="java.io.tmpdir" value="/tmp"/>
    <property name="java.version" value="11.0.7"/>
    <property name="user.dir" value="/home/codedchai/Repos/java-mpls-0520-summative-m6-shaehamm/GuessTheNumber"/>
    <property name="os.arch" value="amd64"/>
    <property name="java.vm.specification.name" value="Java Virtual Machine Specification"/>
    <property name="java.awt.printerjob" value="sun.print.PSPrinterJob"/>
    <property name="sun.os.patch.level" value="unknown"/>
    <property name="java.library.path" value="/usr/java/packages/lib:/usr/lib64:/lib64:/lib:/usr/lib"/>
    <property name="java.vendor" value="Azul Systems, Inc."/>
    <property name="java.vm.info" value="mixed mode"/>
    <property name="java.vm.version" value="11.0.7+10-LTS"/>
    <property name="sun.io.unicode.encoding" value="UnicodeLittle"/>
    <property name="java.class.version" value="55.0"/>
  </properties>
  <testcase name="testGenerateGameNull" classname="com.sg.guessthenumber.daos.GuessNumberDaoGameDBTest" time="0.4"/>
  <testcase name="testGenerateGameGoldenPath" classname="com.sg.guessthenumber.daos.GuessNumberDaoGameDBTest" time="0.155"/>
  <testcase name="testGetGameByIdGoldenPath" classname="com.sg.guessthenumber.daos.GuessNumberDaoGameDBTest" time="0.098"/>
  <testcase name="testGetAllGamesGoldenPath" classname="com.sg.guessthenumber.daos.GuessNumberDaoGameDBTest" time="0.096"/>
  <testcase name="TestGameCompletedGoldenPath" classname="com.sg.guessthenumber.daos.GuessNumberDaoGameDBTest" time="0.1"/>
  <testcase name="TestGameCompletedInvalidId" classname="com.sg.guessthenumber.daos.GuessNumberDaoGameDBTest" time="0.09"/>
  <testcase name="testGetGameByIdInvalid" classname="com.sg.guessthenumber.daos.GuessNumberDaoGameDBTest" time="0.171"/>
</testsuite>